\BOOKMARK [0][]{chapter*.1}{\376\377\000\040}{}% 1
\BOOKMARK [0][]{chapter.1}{\376\377\0001\000\040\225\356\230\230\221\315\217\360}{}% 2
\BOOKMARK [1][-]{section.1.1}{\376\377\0001\000.\0001\000\040\225\356\230\230\200\314\146\157}{chapter.1}% 3
\BOOKMARK [1][-]{section.1.2}{\376\377\0001\000.\0002\000\040\225\356\230\230\221\315\217\360}{chapter.1}% 4
\BOOKMARK [0][]{chapter.2}{\376\377\0002\000\040\225\356\230\230\122\006\147\220}{}% 5
\BOOKMARK [1][-]{section.2.1}{\376\377\0002\000.\0001\000\040\225\356\230\230\116\000}{chapter.2}% 6
\BOOKMARK [1][-]{section.2.2}{\376\377\0002\000.\0002\000\040\225\356\230\230\116\214}{chapter.2}% 7
\BOOKMARK [1][-]{section.2.3}{\376\377\0002\000.\0003\000\040\225\356\230\230\116\011}{chapter.2}% 8
\BOOKMARK [0][]{chapter.3}{\376\377\0003\000\040\152\041\127\213\120\107\213\276}{}% 9
\BOOKMARK [0][]{chapter.4}{\376\377\0004\000\040\173\046\123\367\213\364\146\016}{}% 10
\BOOKMARK [0][]{chapter.5}{\376\377\0005\000\040\152\041\127\213\136\372\172\313\116\016\154\102\211\343}{}% 11
\BOOKMARK [1][-]{section.5.1}{\376\377\0005\000.\0001\000\040\225\356\230\230\116\000\377\032\215\357\145\305\156\070\145\271\150\110\213\276\213\241}{chapter.5}% 12
\BOOKMARK [2][-]{subsection.5.1.1}{\376\377\0005\000.\0001\000.\0001\000\040\152\041\127\213\136\372\172\313\116\016\154\102\211\343}{section.5.1}% 13
\BOOKMARK [2][-]{subsection.5.1.2}{\376\377\0005\000.\0001\000.\0002\000\040\225\356\230\230\116\000\176\323\147\234\122\006\147\220}{section.5.1}% 14
\BOOKMARK [1][-]{section.5.2}{\376\377\0005\000.\0002\000\040\225\356\230\230\116\214\377\032\145\271\150\110\117\030\123\026}{chapter.5}% 15
\BOOKMARK [2][-]{subsection.5.2.1}{\376\377\0005\000.\0002\000.\0001\000\040\225\356\230\230\122\006\147\220\116\016\136\372\152\041\166\356\150\007}{section.5.2}% 16
\BOOKMARK [2][-]{subsection.5.2.2}{\376\377\0005\000.\0002\000.\0002\000\040\152\041\127\213\154\102\211\343\124\214\176\323\147\234\122\006\147\220}{section.5.2}% 17
\BOOKMARK [1][-]{section.5.3}{\376\377\0005\000.\0003\000\040\225\356\230\230\116\011\377\032\145\305\231\206\136\372\213\276\211\304\152\041\116\016\117\115\177\156\220\011\142\351}{chapter.5}% 18
\BOOKMARK [2][-]{subsection.5.3.1}{\376\377\0005\000.\0003\000.\0001\000\040\152\041\127\213\136\372\172\313\155\101\172\013}{section.5.3}% 19
\BOOKMARK [2][-]{subsection.5.3.2}{\376\377\0005\000.\0003\000.\0002\000\040\152\041\127\213\154\102\211\343}{section.5.3}% 20
\BOOKMARK [2][-]{subsection.5.3.3}{\376\377\0005\000.\0003\000.\0003\000\040\176\323\147\234\122\006\147\220}{section.5.3}% 21
\BOOKMARK [0][]{chapter.6}{\376\377\0006\000\040\152\041\127\213\213\304\116\367\116\016\143\250\136\177}{}% 22
\BOOKMARK [1][-]{section.6.1}{\376\377\0006\000.\0001\000\040\116\073\211\201\176\323\213\272}{chapter.6}% 23
\BOOKMARK [2][-]{subsection.6.1.1}{\376\377\0006\000.\0001\000.\0001\000\040\225\356\230\230\116\000\377\032\145\305\156\070\215\357\176\277\146\172\200\375\122\006\221\115\117\030\123\026}{section.6.1}% 24
\BOOKMARK [1][-]{section.6.2}{\376\377\0006\000.\0002\000\040\152\041\127\213\117\030\160\271}{chapter.6}% 25
\BOOKMARK [2][-]{subsection.6.2.1}{\376\377\0006\000.\0002\000.\0001\000\040\225\356\230\230\116\000\152\041\127\213\117\030\160\271}{section.6.2}% 26
\BOOKMARK [1][-]{section.6.3}{\376\377\0006\000.\0003\000\040\116\015\215\263\116\016\145\071\217\333\145\271\124\021}{chapter.6}% 27
\BOOKMARK [2][-]{subsection.6.3.1}{\376\377\0006\000.\0003\000.\0001\000\040\225\356\230\230\116\000\152\041\127\213\166\204\116\073\211\201\134\100\226\120}{section.6.3}% 28
\BOOKMARK [2][-]{subsection.6.3.2}{\376\377\0006\000.\0003\000.\0002\000\040\225\356\230\230\116\000\152\041\127\213\166\204\145\071\217\333\145\271\124\021}{section.6.3}% 29
\BOOKMARK [2][-]{subsection.6.3.3}{\376\377\0006\000.\0003\000.\0003\000\040\225\356\230\230\116\214\152\041\127\213\166\204\134\100\226\120\116\016\145\071\217\333\145\271\124\021}{section.6.3}% 30
\BOOKMARK [2][-]{subsection.6.3.4}{\376\377\0006\000.\0003\000.\0004\000\040\225\356\230\230\116\011\152\041\127\213\166\204\134\100\226\120\116\016\145\071\217\333\145\271\124\021}{section.6.3}% 31
\BOOKMARK [0][]{section*.7}{\376\377\123\302\200\003\145\207\163\056}{}% 32
\BOOKMARK [0][]{appendix*.9}{\376\377\226\104\000\040\000\040\137\125}{}% 33
\BOOKMARK [1][-]{section.Alph0.1}{\376\377\000A\000.\000\040\145\057\144\221\147\120\145\231\140\073\211\310}{appendix*.9}% 34
\BOOKMARK [1][-]{section.Alph0.2}{\376\377\000B\000.\000\040\117\030\123\026\121\375\145\160}{appendix*.9}% 35
\BOOKMARK [1][-]{section.Alph0.3}{\376\377\000C\000.\000\040\200\132\174\173\121\375\145\160}{appendix*.9}% 36
\BOOKMARK [1][-]{section.Alph0.4}{\376\377\000D\000.\000\040\217\320\210\114\121\375\145\160}{appendix*.9}% 37
